<?xml version="1.0" encoding="UTF-8"?>
<robot generator="Robot 6.1.1 (Python 3.10.7 on darwin)" generated="20231114 01:04:31.015" rpa="false" schemaversion="4">
<suite id="s1" name="Tests" source="/Users/matt/palautusrepositorio/viikko3/hello-robot/src/tests">
<suite id="s1-s1" name="Increase Counter" source="/Users/matt/palautusrepositorio/viikko3/hello-robot/src/tests/increase_counter.robot">
<test id="s1-s1-t1" name="Increase Counter Once" line="5">
<kw name="Counter Value Should Be" library="CounterLibrary">
<arg>0</arg>
<status status="PASS" starttime="20231114 01:04:31.026" endtime="20231114 01:04:31.026"/>
</kw>
<kw name="Increase Counter" library="CounterLibrary">
<status status="PASS" starttime="20231114 01:04:31.026" endtime="20231114 01:04:31.026"/>
</kw>
<kw name="Counter Value Should Be" library="CounterLibrary">
<arg>1</arg>
<status status="PASS" starttime="20231114 01:04:31.026" endtime="20231114 01:04:31.026"/>
</kw>
<status status="PASS" starttime="20231114 01:04:31.026" endtime="20231114 01:04:31.026"/>
</test>
<test id="s1-s1-t2" name="Increase Counter Many Times" line="10">
<kw name="Counter Value Should Be" library="CounterLibrary">
<arg>0</arg>
<status status="PASS" starttime="20231114 01:04:31.026" endtime="20231114 01:04:31.026"/>
</kw>
<kw name="Increase Counter Three Times" library="resource">
<kw name="Increase Counter" library="CounterLibrary">
<status status="PASS" starttime="20231114 01:04:31.027" endtime="20231114 01:04:31.027"/>
</kw>
<kw name="Increase Counter" library="CounterLibrary">
<status status="PASS" starttime="20231114 01:04:31.027" endtime="20231114 01:04:31.027"/>
</kw>
<kw name="Increase Counter" library="CounterLibrary">
<status status="PASS" starttime="20231114 01:04:31.027" endtime="20231114 01:04:31.027"/>
</kw>
<status status="PASS" starttime="20231114 01:04:31.026" endtime="20231114 01:04:31.027"/>
</kw>
<kw name="Counter Value Should Be" library="CounterLibrary">
<arg>3</arg>
<status status="PASS" starttime="20231114 01:04:31.027" endtime="20231114 01:04:31.027"/>
</kw>
<status status="PASS" starttime="20231114 01:04:31.026" endtime="20231114 01:04:31.027"/>
</test>
<test id="s1-s1-t3" name="Increment Counter By Amount" line="15">
<kw name="Counter Value Should Be" library="CounterLibrary">
<arg>0</arg>
<status status="PASS" starttime="20231114 01:04:31.027" endtime="20231114 01:04:31.027"/>
</kw>
<kw name="Increment Counter By" library="CounterLibrary">
<arg>5</arg>
<status status="PASS" starttime="20231114 01:04:31.027" endtime="20231114 01:04:31.027"/>
</kw>
<kw name="Counter Value Should Be" library="CounterLibrary">
<arg>5</arg>
<status status="PASS" starttime="20231114 01:04:31.027" endtime="20231114 01:04:31.027"/>
</kw>
<status status="PASS" starttime="20231114 01:04:31.027" endtime="20231114 01:04:31.027"/>
</test>
<status status="PASS" starttime="20231114 01:04:31.024" endtime="20231114 01:04:31.028"/>
</suite>
<suite id="s1-s2" name="Reset Counter" source="/Users/matt/palautusrepositorio/viikko3/hello-robot/src/tests/reset_counter.robot">
<test id="s1-s2-t1" name="Reset Counter After One Increment" line="5">
<kw name="Counter Value Should Be" library="CounterLibrary">
<arg>0</arg>
<status status="PASS" starttime="20231114 01:04:31.029" endtime="20231114 01:04:31.029"/>
</kw>
<kw name="Increase Counter" library="CounterLibrary">
<status status="PASS" starttime="20231114 01:04:31.029" endtime="20231114 01:04:31.029"/>
</kw>
<kw name="Counter Value Should Be" library="CounterLibrary">
<arg>1</arg>
<status status="PASS" starttime="20231114 01:04:31.029" endtime="20231114 01:04:31.029"/>
</kw>
<kw name="Reset Counter" library="CounterLibrary">
<status status="PASS" starttime="20231114 01:04:31.029" endtime="20231114 01:04:31.029"/>
</kw>
<kw name="Counter Value Should Be" library="CounterLibrary">
<arg>0</arg>
<status status="PASS" starttime="20231114 01:04:31.029" endtime="20231114 01:04:31.029"/>
</kw>
<status status="PASS" starttime="20231114 01:04:31.029" endtime="20231114 01:04:31.029"/>
</test>
<test id="s1-s2-t2" name="Reset Counter After Several Increments" line="12">
<kw name="Counter Value Should Be" library="CounterLibrary">
<arg>0</arg>
<status status="PASS" starttime="20231114 01:04:31.030" endtime="20231114 01:04:31.030"/>
</kw>
<kw name="Increment Counter By" library="CounterLibrary">
<arg>5</arg>
<status status="PASS" starttime="20231114 01:04:31.030" endtime="20231114 01:04:31.030"/>
</kw>
<kw name="Counter Value Should Be" library="CounterLibrary">
<arg>5</arg>
<status status="PASS" starttime="20231114 01:04:31.030" endtime="20231114 01:04:31.030"/>
</kw>
<kw name="Reset Counter" library="CounterLibrary">
<status status="PASS" starttime="20231114 01:04:31.030" endtime="20231114 01:04:31.030"/>
</kw>
<kw name="Counter Value Should Be" library="CounterLibrary">
<arg>0</arg>
<status status="PASS" starttime="20231114 01:04:31.030" endtime="20231114 01:04:31.030"/>
</kw>
<status status="PASS" starttime="20231114 01:04:31.029" endtime="20231114 01:04:31.030"/>
</test>
<status status="PASS" starttime="20231114 01:04:31.028" endtime="20231114 01:04:31.030"/>
</suite>
<status status="PASS" starttime="20231114 01:04:31.016" endtime="20231114 01:04:31.030"/>
</suite>
<statistics>
<total>
<stat pass="5" fail="0" skip="0">All Tests</stat>
</total>
<tag>
</tag>
<suite>
<stat pass="5" fail="0" skip="0" id="s1" name="Tests">Tests</stat>
<stat pass="3" fail="0" skip="0" id="s1-s1" name="Increase Counter">Tests.Increase Counter</stat>
<stat pass="2" fail="0" skip="0" id="s1-s2" name="Reset Counter">Tests.Reset Counter</stat>
</suite>
</statistics>
<errors>
</errors>
</robot>
