<?xml version="1.0" encoding="UTF-8"?>
<robot generator="Robot 6.1.1 (Python 3.10.7 on darwin)" generated="20231117 20:39:43.700" rpa="false" schemaversion="4">
<suite id="s1" name="Tests" source="/Users/matt/palautusrepositorio/viikko3/web-login/src/tests">
<suite id="s1-s1" name="Home" source="/Users/matt/palautusrepositorio/viikko3/web-login/src/tests/home.robot">
<kw name="Open And Configure Browser" library="resource" type="SETUP">
<kw name="Evaluate" library="BuiltIn">
<var>${options}</var>
<arg>sys.modules['selenium.webdriver'].ChromeOptions()</arg>
<arg>sys</arg>
<doc>Evaluates the given expression in Python and returns the result.</doc>
<msg timestamp="20231117 20:39:43.782" level="INFO">${options} = &lt;selenium.webdriver.chrome.options.Options object at 0x1025ede70&gt;</msg>
<status status="PASS" starttime="20231117 20:39:43.782" endtime="20231117 20:39:43.782"/>
</kw>
<kw name="Call Method" library="BuiltIn">
<arg>${options}</arg>
<arg>add_argument</arg>
<arg>--no-sandbox</arg>
<doc>Calls the named method of the given object with the provided arguments.</doc>
<status status="PASS" starttime="20231117 20:39:43.782" endtime="20231117 20:39:43.782"/>
</kw>
<kw name="Call Method" library="BuiltIn">
<arg>${options}</arg>
<arg>add_argument</arg>
<arg>--headless</arg>
<doc>Calls the named method of the given object with the provided arguments.</doc>
<status status="PASS" starttime="20231117 20:39:43.782" endtime="20231117 20:39:43.782"/>
</kw>
<kw name="Open Browser" library="SeleniumLibrary">
<arg>browser=chrome</arg>
<arg>options=${options}</arg>
<doc>Opens a new browser instance to the optional ``url``.</doc>
<msg timestamp="20231117 20:39:43.782" level="INFO">Opening browser 'chrome' to base url 'None'.</msg>
<status status="PASS" starttime="20231117 20:39:43.782" endtime="20231117 20:39:44.590"/>
</kw>
<kw name="Set Selenium Speed" library="SeleniumLibrary">
<arg>${DELAY}</arg>
<doc>Sets the delay that is waited after each Selenium command.</doc>
<status status="PASS" starttime="20231117 20:39:44.591" endtime="20231117 20:39:44.591"/>
</kw>
<status status="PASS" starttime="20231117 20:39:43.782" endtime="20231117 20:39:44.591"/>
</kw>
<test id="s1-s1-t1" name="Click Login Link" line="8">
<kw name="Go To Starting Page" library="resource" type="SETUP">
<kw name="Go To" library="SeleniumLibrary">
<arg>${HOME_URL}</arg>
<doc>Navigates the current browser window to the provided ``url``.</doc>
<msg timestamp="20231117 20:39:44.592" level="INFO">Opening url 'http://localhost:5001'</msg>
<status status="PASS" starttime="20231117 20:39:44.592" endtime="20231117 20:39:44.635"/>
</kw>
<status status="PASS" starttime="20231117 20:39:44.591" endtime="20231117 20:39:44.635"/>
</kw>
<kw name="Click Link" library="SeleniumLibrary">
<arg>Login</arg>
<doc>Clicks a link identified by ``locator``.</doc>
<msg timestamp="20231117 20:39:44.636" level="INFO">Clicking link 'Login'.</msg>
<status status="PASS" starttime="20231117 20:39:44.635" endtime="20231117 20:39:44.677"/>
</kw>
<kw name="Login Page Should Be Open" library="resource">
<kw name="Title Should Be" library="SeleniumLibrary">
<arg>Login</arg>
<doc>Verifies that the current page title equals ``title``.</doc>
<msg timestamp="20231117 20:39:44.679" level="INFO">Page title is 'Login'.</msg>
<status status="PASS" starttime="20231117 20:39:44.677" endtime="20231117 20:39:44.679"/>
</kw>
<status status="PASS" starttime="20231117 20:39:44.677" endtime="20231117 20:39:44.679"/>
</kw>
<status status="PASS" starttime="20231117 20:39:44.591" endtime="20231117 20:39:44.679"/>
</test>
<test id="s1-s1-t2" name="Click Register Link" line="12">
<kw name="Go To Starting Page" library="resource" type="SETUP">
<kw name="Go To" library="SeleniumLibrary">
<arg>${HOME_URL}</arg>
<doc>Navigates the current browser window to the provided ``url``.</doc>
<msg timestamp="20231117 20:39:44.680" level="INFO">Opening url 'http://localhost:5001'</msg>
<status status="PASS" starttime="20231117 20:39:44.679" endtime="20231117 20:39:44.685"/>
</kw>
<status status="PASS" starttime="20231117 20:39:44.679" endtime="20231117 20:39:44.685"/>
</kw>
<kw name="Click Link" library="SeleniumLibrary">
<arg>Register new user</arg>
<doc>Clicks a link identified by ``locator``.</doc>
<msg timestamp="20231117 20:39:44.686" level="INFO">Clicking link 'Register new user'.</msg>
<status status="PASS" starttime="20231117 20:39:44.685" endtime="20231117 20:39:44.714"/>
</kw>
<kw name="Register Page Should Be Open" library="resource">
<kw name="Title Should Be" library="SeleniumLibrary">
<arg>Register</arg>
<doc>Verifies that the current page title equals ``title``.</doc>
<msg timestamp="20231117 20:39:44.716" level="INFO">Page title is 'Register'.</msg>
<status status="PASS" starttime="20231117 20:39:44.714" endtime="20231117 20:39:44.716"/>
</kw>
<status status="PASS" starttime="20231117 20:39:44.714" endtime="20231117 20:39:44.716"/>
</kw>
<status status="PASS" starttime="20231117 20:39:44.679" endtime="20231117 20:39:44.716"/>
</test>
<kw name="Close Browser" library="SeleniumLibrary" type="TEARDOWN">
<doc>Closes the current browser.</doc>
<status status="PASS" starttime="20231117 20:39:44.716" endtime="20231117 20:39:44.779"/>
</kw>
<status status="PASS" starttime="20231117 20:39:43.708" endtime="20231117 20:39:44.779"/>
</suite>
<suite id="s1-s2" name="Login" source="/Users/matt/palautusrepositorio/viikko3/web-login/src/tests/login.robot">
<kw name="Open And Configure Browser" library="resource" type="SETUP">
<kw name="Evaluate" library="BuiltIn">
<var>${options}</var>
<arg>sys.modules['selenium.webdriver'].ChromeOptions()</arg>
<arg>sys</arg>
<doc>Evaluates the given expression in Python and returns the result.</doc>
<msg timestamp="20231117 20:39:44.781" level="INFO">${options} = &lt;selenium.webdriver.chrome.options.Options object at 0x1025eeb60&gt;</msg>
<status status="PASS" starttime="20231117 20:39:44.781" endtime="20231117 20:39:44.781"/>
</kw>
<kw name="Call Method" library="BuiltIn">
<arg>${options}</arg>
<arg>add_argument</arg>
<arg>--no-sandbox</arg>
<doc>Calls the named method of the given object with the provided arguments.</doc>
<status status="PASS" starttime="20231117 20:39:44.782" endtime="20231117 20:39:44.782"/>
</kw>
<kw name="Call Method" library="BuiltIn">
<arg>${options}</arg>
<arg>add_argument</arg>
<arg>--headless</arg>
<doc>Calls the named method of the given object with the provided arguments.</doc>
<status status="PASS" starttime="20231117 20:39:44.782" endtime="20231117 20:39:44.782"/>
</kw>
<kw name="Open Browser" library="SeleniumLibrary">
<arg>browser=chrome</arg>
<arg>options=${options}</arg>
<doc>Opens a new browser instance to the optional ``url``.</doc>
<msg timestamp="20231117 20:39:44.782" level="INFO">Opening browser 'chrome' to base url 'None'.</msg>
<status status="PASS" starttime="20231117 20:39:44.782" endtime="20231117 20:39:45.516"/>
</kw>
<kw name="Set Selenium Speed" library="SeleniumLibrary">
<arg>${DELAY}</arg>
<doc>Sets the delay that is waited after each Selenium command.</doc>
<status status="PASS" starttime="20231117 20:39:45.517" endtime="20231117 20:39:45.517"/>
</kw>
<status status="PASS" starttime="20231117 20:39:44.781" endtime="20231117 20:39:45.517"/>
</kw>
<test id="s1-s2-t1" name="Login With Correct Credentials" line="8">
<kw name="Create User And Go To Login Page" type="SETUP">
<kw name="Create User" library="AppLibrary">
<arg>kalle</arg>
<arg>kalle123</arg>
<status status="PASS" starttime="20231117 20:39:45.517" endtime="20231117 20:39:45.525"/>
</kw>
<kw name="Go To Login Page" library="resource">
<kw name="Go To" library="SeleniumLibrary">
<arg>${LOGIN_URL}</arg>
<doc>Navigates the current browser window to the provided ``url``.</doc>
<msg timestamp="20231117 20:39:45.525" level="INFO">Opening url 'http://localhost:5001/login'</msg>
<status status="PASS" starttime="20231117 20:39:45.525" endtime="20231117 20:39:45.570"/>
</kw>
<status status="PASS" starttime="20231117 20:39:45.525" endtime="20231117 20:39:45.570"/>
</kw>
<kw name="Login Page Should Be Open" library="resource">
<kw name="Title Should Be" library="SeleniumLibrary">
<arg>Login</arg>
<doc>Verifies that the current page title equals ``title``.</doc>
<msg timestamp="20231117 20:39:45.573" level="INFO">Page title is 'Login'.</msg>
<status status="PASS" starttime="20231117 20:39:45.570" endtime="20231117 20:39:45.573"/>
</kw>
<status status="PASS" starttime="20231117 20:39:45.570" endtime="20231117 20:39:45.573"/>
</kw>
<status status="PASS" starttime="20231117 20:39:45.517" endtime="20231117 20:39:45.573"/>
</kw>
<kw name="Set Username">
<arg>kalle</arg>
<kw name="Input Text" library="SeleniumLibrary">
<arg>username</arg>
<arg>${username}</arg>
<doc>Types the given ``text`` into the text field identified by ``locator``.</doc>
<msg timestamp="20231117 20:39:45.574" level="INFO">Typing text 'kalle' into text field 'username'.</msg>
<status status="PASS" starttime="20231117 20:39:45.573" endtime="20231117 20:39:45.665"/>
</kw>
<status status="PASS" starttime="20231117 20:39:45.573" endtime="20231117 20:39:45.665"/>
</kw>
<kw name="Set Password">
<arg>kalle123</arg>
<kw name="Input Password" library="SeleniumLibrary">
<arg>password</arg>
<arg>${password}</arg>
<doc>Types the given password into the text field identified by ``locator``.</doc>
<msg timestamp="20231117 20:39:45.665" level="INFO">Typing password into text field 'password'.</msg>
<msg timestamp="20231117 20:39:45.682" level="INFO">Temporally setting log level to: NONE</msg>
<msg timestamp="20231117 20:39:45.738" level="INFO">Log level changed from NONE to INFO.</msg>
<status status="PASS" starttime="20231117 20:39:45.665" endtime="20231117 20:39:45.738"/>
</kw>
<status status="PASS" starttime="20231117 20:39:45.665" endtime="20231117 20:39:45.738"/>
</kw>
<kw name="Submit Credentials">
<kw name="Click Button" library="SeleniumLibrary">
<arg>Login</arg>
<doc>Clicks the button identified by ``locator``.</doc>
<msg timestamp="20231117 20:39:45.739" level="INFO">Clicking button 'Login'.</msg>
<status status="PASS" starttime="20231117 20:39:45.739" endtime="20231117 20:39:45.773"/>
</kw>
<status status="PASS" starttime="20231117 20:39:45.739" endtime="20231117 20:39:45.773"/>
</kw>
<kw name="Login Should Succeed">
<kw name="Main Page Should Be Open" library="resource">
<kw name="Title Should Be" library="SeleniumLibrary">
<arg>Ohtu Application main page</arg>
<doc>Verifies that the current page title equals ``title``.</doc>
<msg timestamp="20231117 20:39:45.775" level="INFO">Page title is 'Ohtu Application main page'.</msg>
<status status="PASS" starttime="20231117 20:39:45.773" endtime="20231117 20:39:45.775"/>
</kw>
<status status="PASS" starttime="20231117 20:39:45.773" endtime="20231117 20:39:45.775"/>
</kw>
<status status="PASS" starttime="20231117 20:39:45.773" endtime="20231117 20:39:45.775"/>
</kw>
<status status="PASS" starttime="20231117 20:39:45.517" endtime="20231117 20:39:45.775"/>
</test>
<test id="s1-s2-t2" name="Login With Incorrect Password" line="14">
<kw name="Create User And Go To Login Page" type="SETUP">
<kw name="Create User" library="AppLibrary">
<arg>kalle</arg>
<arg>kalle123</arg>
<status status="PASS" starttime="20231117 20:39:45.776" endtime="20231117 20:39:45.783"/>
</kw>
<kw name="Go To Login Page" library="resource">
<kw name="Go To" library="SeleniumLibrary">
<arg>${LOGIN_URL}</arg>
<doc>Navigates the current browser window to the provided ``url``.</doc>
<msg timestamp="20231117 20:39:45.783" level="INFO">Opening url 'http://localhost:5001/login'</msg>
<status status="PASS" starttime="20231117 20:39:45.783" endtime="20231117 20:39:45.790"/>
</kw>
<status status="PASS" starttime="20231117 20:39:45.783" endtime="20231117 20:39:45.790"/>
</kw>
<kw name="Login Page Should Be Open" library="resource">
<kw name="Title Should Be" library="SeleniumLibrary">
<arg>Login</arg>
<doc>Verifies that the current page title equals ``title``.</doc>
<msg timestamp="20231117 20:39:45.792" level="INFO">Page title is 'Login'.</msg>
<status status="PASS" starttime="20231117 20:39:45.790" endtime="20231117 20:39:45.792"/>
</kw>
<status status="PASS" starttime="20231117 20:39:45.790" endtime="20231117 20:39:45.792"/>
</kw>
<status status="PASS" starttime="20231117 20:39:45.776" endtime="20231117 20:39:45.792"/>
</kw>
<kw name="Set Username">
<arg>kalle</arg>
<kw name="Input Text" library="SeleniumLibrary">
<arg>username</arg>
<arg>${username}</arg>
<doc>Types the given ``text`` into the text field identified by ``locator``.</doc>
<msg timestamp="20231117 20:39:45.792" level="INFO">Typing text 'kalle' into text field 'username'.</msg>
<status status="PASS" starttime="20231117 20:39:45.792" endtime="20231117 20:39:45.825"/>
</kw>
<status status="PASS" starttime="20231117 20:39:45.792" endtime="20231117 20:39:45.825"/>
</kw>
<kw name="Set Password">
<arg>kalle456</arg>
<kw name="Input Password" library="SeleniumLibrary">
<arg>password</arg>
<arg>${password}</arg>
<doc>Types the given password into the text field identified by ``locator``.</doc>
<msg timestamp="20231117 20:39:45.826" level="INFO">Typing password into text field 'password'.</msg>
<msg timestamp="20231117 20:39:45.839" level="INFO">Temporally setting log level to: NONE</msg>
<msg timestamp="20231117 20:39:45.857" level="INFO">Log level changed from NONE to INFO.</msg>
<status status="PASS" starttime="20231117 20:39:45.826" endtime="20231117 20:39:45.857"/>
</kw>
<status status="PASS" starttime="20231117 20:39:45.825" endtime="20231117 20:39:45.857"/>
</kw>
<kw name="Submit Credentials">
<kw name="Click Button" library="SeleniumLibrary">
<arg>Login</arg>
<doc>Clicks the button identified by ``locator``.</doc>
<msg timestamp="20231117 20:39:45.857" level="INFO">Clicking button 'Login'.</msg>
<status status="PASS" starttime="20231117 20:39:45.857" endtime="20231117 20:39:45.885"/>
</kw>
<status status="PASS" starttime="20231117 20:39:45.857" endtime="20231117 20:39:45.885"/>
</kw>
<kw name="Login Should Fail With Message">
<arg>Invalid username or password</arg>
<kw name="Login Page Should Be Open" library="resource">
<kw name="Title Should Be" library="SeleniumLibrary">
<arg>Login</arg>
<doc>Verifies that the current page title equals ``title``.</doc>
<msg timestamp="20231117 20:39:45.887" level="INFO">Page title is 'Login'.</msg>
<status status="PASS" starttime="20231117 20:39:45.885" endtime="20231117 20:39:45.887"/>
</kw>
<status status="PASS" starttime="20231117 20:39:45.885" endtime="20231117 20:39:45.887"/>
</kw>
<kw name="Page Should Contain" library="SeleniumLibrary">
<arg>${message}</arg>
<doc>Verifies that current page contains ``text``.</doc>
<msg timestamp="20231117 20:39:45.894" level="INFO">Current page contains text 'Invalid username or password'.</msg>
<status status="PASS" starttime="20231117 20:39:45.887" endtime="20231117 20:39:45.894"/>
</kw>
<status status="PASS" starttime="20231117 20:39:45.885" endtime="20231117 20:39:45.894"/>
</kw>
<status status="PASS" starttime="20231117 20:39:45.776" endtime="20231117 20:39:45.894"/>
</test>
<test id="s1-s2-t3" name="Login With Nonexistent Username" line="20">
<kw name="Create User And Go To Login Page" type="SETUP">
<kw name="Create User" library="AppLibrary">
<arg>kalle</arg>
<arg>kalle123</arg>
<status status="PASS" starttime="20231117 20:39:45.894" endtime="20231117 20:39:45.902"/>
</kw>
<kw name="Go To Login Page" library="resource">
<kw name="Go To" library="SeleniumLibrary">
<arg>${LOGIN_URL}</arg>
<doc>Navigates the current browser window to the provided ``url``.</doc>
<msg timestamp="20231117 20:39:45.902" level="INFO">Opening url 'http://localhost:5001/login'</msg>
<status status="PASS" starttime="20231117 20:39:45.902" endtime="20231117 20:39:45.909"/>
</kw>
<status status="PASS" starttime="20231117 20:39:45.902" endtime="20231117 20:39:45.909"/>
</kw>
<kw name="Login Page Should Be Open" library="resource">
<kw name="Title Should Be" library="SeleniumLibrary">
<arg>Login</arg>
<doc>Verifies that the current page title equals ``title``.</doc>
<msg timestamp="20231117 20:39:45.911" level="INFO">Page title is 'Login'.</msg>
<status status="PASS" starttime="20231117 20:39:45.909" endtime="20231117 20:39:45.911"/>
</kw>
<status status="PASS" starttime="20231117 20:39:45.909" endtime="20231117 20:39:45.911"/>
</kw>
<status status="PASS" starttime="20231117 20:39:45.894" endtime="20231117 20:39:45.911"/>
</kw>
<kw name="Set Username">
<arg>kall</arg>
<kw name="Input Text" library="SeleniumLibrary">
<arg>username</arg>
<arg>${username}</arg>
<doc>Types the given ``text`` into the text field identified by ``locator``.</doc>
<msg timestamp="20231117 20:39:45.911" level="INFO">Typing text 'kall' into text field 'username'.</msg>
<status status="PASS" starttime="20231117 20:39:45.911" endtime="20231117 20:39:45.943"/>
</kw>
<status status="PASS" starttime="20231117 20:39:45.911" endtime="20231117 20:39:45.943"/>
</kw>
<kw name="Set Password">
<arg>kalle123</arg>
<kw name="Input Password" library="SeleniumLibrary">
<arg>password</arg>
<arg>${password}</arg>
<doc>Types the given password into the text field identified by ``locator``.</doc>
<msg timestamp="20231117 20:39:45.943" level="INFO">Typing password into text field 'password'.</msg>
<msg timestamp="20231117 20:39:45.956" level="INFO">Temporally setting log level to: NONE</msg>
<msg timestamp="20231117 20:39:45.974" level="INFO">Log level changed from NONE to INFO.</msg>
<status status="PASS" starttime="20231117 20:39:45.943" endtime="20231117 20:39:45.974"/>
</kw>
<status status="PASS" starttime="20231117 20:39:45.943" endtime="20231117 20:39:45.974"/>
</kw>
<kw name="Submit Credentials">
<kw name="Click Button" library="SeleniumLibrary">
<arg>Login</arg>
<doc>Clicks the button identified by ``locator``.</doc>
<msg timestamp="20231117 20:39:45.975" level="INFO">Clicking button 'Login'.</msg>
<status status="PASS" starttime="20231117 20:39:45.975" endtime="20231117 20:39:46.002"/>
</kw>
<status status="PASS" starttime="20231117 20:39:45.975" endtime="20231117 20:39:46.002"/>
</kw>
<kw name="Login Should Fail With Message">
<arg>Invalid username or password</arg>
<kw name="Login Page Should Be Open" library="resource">
<kw name="Title Should Be" library="SeleniumLibrary">
<arg>Login</arg>
<doc>Verifies that the current page title equals ``title``.</doc>
<msg timestamp="20231117 20:39:46.004" level="INFO">Page title is 'Login'.</msg>
<status status="PASS" starttime="20231117 20:39:46.002" endtime="20231117 20:39:46.004"/>
</kw>
<status status="PASS" starttime="20231117 20:39:46.002" endtime="20231117 20:39:46.004"/>
</kw>
<kw name="Page Should Contain" library="SeleniumLibrary">
<arg>${message}</arg>
<doc>Verifies that current page contains ``text``.</doc>
<msg timestamp="20231117 20:39:46.009" level="INFO">Current page contains text 'Invalid username or password'.</msg>
<status status="PASS" starttime="20231117 20:39:46.004" endtime="20231117 20:39:46.009"/>
</kw>
<status status="PASS" starttime="20231117 20:39:46.002" endtime="20231117 20:39:46.009"/>
</kw>
<status status="PASS" starttime="20231117 20:39:45.894" endtime="20231117 20:39:46.009"/>
</test>
<kw name="Close Browser" library="SeleniumLibrary" type="TEARDOWN">
<doc>Closes the current browser.</doc>
<status status="PASS" starttime="20231117 20:39:46.009" endtime="20231117 20:39:46.071"/>
</kw>
<status status="PASS" starttime="20231117 20:39:44.779" endtime="20231117 20:39:46.071"/>
</suite>
<suite id="s1-s3" name="Register" source="/Users/matt/palautusrepositorio/viikko3/web-login/src/tests/register.robot">
<kw name="Open And Configure Browser" library="resource" type="SETUP">
<kw name="Evaluate" library="BuiltIn">
<var>${options}</var>
<arg>sys.modules['selenium.webdriver'].ChromeOptions()</arg>
<arg>sys</arg>
<doc>Evaluates the given expression in Python and returns the result.</doc>
<msg timestamp="20231117 20:39:46.074" level="INFO">${options} = &lt;selenium.webdriver.chrome.options.Options object at 0x1026e0400&gt;</msg>
<status status="PASS" starttime="20231117 20:39:46.074" endtime="20231117 20:39:46.074"/>
</kw>
<kw name="Call Method" library="BuiltIn">
<arg>${options}</arg>
<arg>add_argument</arg>
<arg>--no-sandbox</arg>
<doc>Calls the named method of the given object with the provided arguments.</doc>
<status status="PASS" starttime="20231117 20:39:46.074" endtime="20231117 20:39:46.074"/>
</kw>
<kw name="Call Method" library="BuiltIn">
<arg>${options}</arg>
<arg>add_argument</arg>
<arg>--headless</arg>
<doc>Calls the named method of the given object with the provided arguments.</doc>
<status status="PASS" starttime="20231117 20:39:46.074" endtime="20231117 20:39:46.074"/>
</kw>
<kw name="Open Browser" library="SeleniumLibrary">
<arg>browser=chrome</arg>
<arg>options=${options}</arg>
<doc>Opens a new browser instance to the optional ``url``.</doc>
<msg timestamp="20231117 20:39:46.075" level="INFO">Opening browser 'chrome' to base url 'None'.</msg>
<status status="PASS" starttime="20231117 20:39:46.074" endtime="20231117 20:39:46.834"/>
</kw>
<kw name="Set Selenium Speed" library="SeleniumLibrary">
<arg>${DELAY}</arg>
<doc>Sets the delay that is waited after each Selenium command.</doc>
<status status="PASS" starttime="20231117 20:39:46.834" endtime="20231117 20:39:46.835"/>
</kw>
<status status="PASS" starttime="20231117 20:39:46.074" endtime="20231117 20:39:46.835"/>
</kw>
<test id="s1-s3-t1" name="Register With Valid Username And Password" line="9">
<kw name="Go To Register Page" library="resource" type="SETUP">
<kw name="Go To" library="SeleniumLibrary">
<arg>${REGISTER_URL}</arg>
<doc>Navigates the current browser window to the provided ``url``.</doc>
<msg timestamp="20231117 20:39:46.835" level="INFO">Opening url 'http://localhost:5001/register'</msg>
<status status="PASS" starttime="20231117 20:39:46.835" endtime="20231117 20:39:46.878"/>
</kw>
<status status="PASS" starttime="20231117 20:39:46.835" endtime="20231117 20:39:46.878"/>
</kw>
<kw name="Set Username">
<arg>user</arg>
<kw name="Input Text" library="SeleniumLibrary">
<arg>username</arg>
<arg>${username}</arg>
<doc>Types the given ``text`` into the text field identified by ``locator``.</doc>
<msg timestamp="20231117 20:39:46.879" level="INFO">Typing text 'user' into text field 'username'.</msg>
<status status="PASS" starttime="20231117 20:39:46.879" endtime="20231117 20:39:46.964"/>
</kw>
<status status="PASS" starttime="20231117 20:39:46.879" endtime="20231117 20:39:46.964"/>
</kw>
<kw name="Set Password">
<arg>password1</arg>
<kw name="Input Password" library="SeleniumLibrary">
<arg>password</arg>
<arg>${password}</arg>
<doc>Types the given password into the text field identified by ``locator``.</doc>
<msg timestamp="20231117 20:39:46.965" level="INFO">Typing password into text field 'password'.</msg>
<msg timestamp="20231117 20:39:46.981" level="INFO">Temporally setting log level to: NONE</msg>
<msg timestamp="20231117 20:39:47.037" level="INFO">Log level changed from NONE to INFO.</msg>
<status status="PASS" starttime="20231117 20:39:46.964" endtime="20231117 20:39:47.037"/>
</kw>
<status status="PASS" starttime="20231117 20:39:46.964" endtime="20231117 20:39:47.037"/>
</kw>
<kw name="Set Password Confirmation">
<arg>password1</arg>
<kw name="Input Password" library="SeleniumLibrary">
<arg>password_confirmation</arg>
<arg>${password_confirmation}</arg>
<doc>Types the given password into the text field identified by ``locator``.</doc>
<msg timestamp="20231117 20:39:47.037" level="INFO">Typing password into text field 'password_confirmation'.</msg>
<msg timestamp="20231117 20:39:47.052" level="INFO">Temporally setting log level to: NONE</msg>
<msg timestamp="20231117 20:39:47.070" level="INFO">Log level changed from NONE to INFO.</msg>
<status status="PASS" starttime="20231117 20:39:47.037" endtime="20231117 20:39:47.070"/>
</kw>
<status status="PASS" starttime="20231117 20:39:47.037" endtime="20231117 20:39:47.070"/>
</kw>
<kw name="Submit Register Credentials">
<kw name="Click Button" library="SeleniumLibrary">
<arg>Register</arg>
<doc>Clicks the button identified by ``locator``.</doc>
<msg timestamp="20231117 20:39:47.071" level="INFO">Clicking button 'Register'.</msg>
<status status="PASS" starttime="20231117 20:39:47.071" endtime="20231117 20:39:47.104"/>
</kw>
<status status="PASS" starttime="20231117 20:39:47.071" endtime="20231117 20:39:47.104"/>
</kw>
<kw name="Register Should Succeed">
<kw name="Welcome Page Should Be Open" library="resource">
<kw name="Title Should Be" library="SeleniumLibrary">
<arg>Welcome to Ohtu Application!</arg>
<doc>Verifies that the current page title equals ``title``.</doc>
<msg timestamp="20231117 20:39:47.107" level="INFO">Page title is 'Welcome to Ohtu Application!'.</msg>
<status status="PASS" starttime="20231117 20:39:47.104" endtime="20231117 20:39:47.107"/>
</kw>
<status status="PASS" starttime="20231117 20:39:47.104" endtime="20231117 20:39:47.107"/>
</kw>
<status status="PASS" starttime="20231117 20:39:47.104" endtime="20231117 20:39:47.107"/>
</kw>
<status status="PASS" starttime="20231117 20:39:46.835" endtime="20231117 20:39:47.107"/>
</test>
<test id="s1-s3-t2" name="Register With Too Short Username And Valid Password" line="16">
<kw name="Go To Register Page" library="resource" type="SETUP">
<kw name="Go To" library="SeleniumLibrary">
<arg>${REGISTER_URL}</arg>
<doc>Navigates the current browser window to the provided ``url``.</doc>
<msg timestamp="20231117 20:39:47.108" level="INFO">Opening url 'http://localhost:5001/register'</msg>
<status status="PASS" starttime="20231117 20:39:47.108" endtime="20231117 20:39:47.114"/>
</kw>
<status status="PASS" starttime="20231117 20:39:47.108" endtime="20231117 20:39:47.114"/>
</kw>
<kw name="Set Username">
<arg>us</arg>
<kw name="Input Text" library="SeleniumLibrary">
<arg>username</arg>
<arg>${username}</arg>
<doc>Types the given ``text`` into the text field identified by ``locator``.</doc>
<msg timestamp="20231117 20:39:47.115" level="INFO">Typing text 'us' into text field 'username'.</msg>
<status status="PASS" starttime="20231117 20:39:47.115" endtime="20231117 20:39:47.147"/>
</kw>
<status status="PASS" starttime="20231117 20:39:47.115" endtime="20231117 20:39:47.147"/>
</kw>
<kw name="Set Password">
<arg>password1</arg>
<kw name="Input Password" library="SeleniumLibrary">
<arg>password</arg>
<arg>${password}</arg>
<doc>Types the given password into the text field identified by ``locator``.</doc>
<msg timestamp="20231117 20:39:47.147" level="INFO">Typing password into text field 'password'.</msg>
<msg timestamp="20231117 20:39:47.161" level="INFO">Temporally setting log level to: NONE</msg>
<msg timestamp="20231117 20:39:47.179" level="INFO">Log level changed from NONE to INFO.</msg>
<status status="PASS" starttime="20231117 20:39:47.147" endtime="20231117 20:39:47.179"/>
</kw>
<status status="PASS" starttime="20231117 20:39:47.147" endtime="20231117 20:39:47.179"/>
</kw>
<kw name="Set Password Confirmation">
<arg>password1</arg>
<kw name="Input Password" library="SeleniumLibrary">
<arg>password_confirmation</arg>
<arg>${password_confirmation}</arg>
<doc>Types the given password into the text field identified by ``locator``.</doc>
<msg timestamp="20231117 20:39:47.180" level="INFO">Typing password into text field 'password_confirmation'.</msg>
<msg timestamp="20231117 20:39:47.193" level="INFO">Temporally setting log level to: NONE</msg>
<msg timestamp="20231117 20:39:47.212" level="INFO">Log level changed from NONE to INFO.</msg>
<status status="PASS" starttime="20231117 20:39:47.180" endtime="20231117 20:39:47.212"/>
</kw>
<status status="PASS" starttime="20231117 20:39:47.180" endtime="20231117 20:39:47.212"/>
</kw>
<kw name="Submit Register Credentials">
<kw name="Click Button" library="SeleniumLibrary">
<arg>Register</arg>
<doc>Clicks the button identified by ``locator``.</doc>
<msg timestamp="20231117 20:39:47.212" level="INFO">Clicking button 'Register'.</msg>
<status status="PASS" starttime="20231117 20:39:47.212" endtime="20231117 20:39:47.238"/>
</kw>
<status status="PASS" starttime="20231117 20:39:47.212" endtime="20231117 20:39:47.239"/>
</kw>
<kw name="Register Should Fail With Message">
<arg>Username must be at least 3 characters long and only contain lower case characters</arg>
<kw name="Register Page Should Be Open" library="resource">
<kw name="Title Should Be" library="SeleniumLibrary">
<arg>Register</arg>
<doc>Verifies that the current page title equals ``title``.</doc>
<msg timestamp="20231117 20:39:47.248" level="INFO">Page title is 'Register'.</msg>
<status status="PASS" starttime="20231117 20:39:47.239" endtime="20231117 20:39:47.248"/>
</kw>
<status status="PASS" starttime="20231117 20:39:47.239" endtime="20231117 20:39:47.248"/>
</kw>
<kw name="Page Should Contain" library="SeleniumLibrary">
<arg>${message}</arg>
<doc>Verifies that current page contains ``text``.</doc>
<msg timestamp="20231117 20:39:47.255" level="INFO">Current page contains text 'Username must be at least 3 characters long and only contain lower case characters'.</msg>
<status status="PASS" starttime="20231117 20:39:47.248" endtime="20231117 20:39:47.255"/>
</kw>
<status status="PASS" starttime="20231117 20:39:47.239" endtime="20231117 20:39:47.255"/>
</kw>
<status status="PASS" starttime="20231117 20:39:47.107" endtime="20231117 20:39:47.255"/>
</test>
<test id="s1-s3-t3" name="Register With Valid Username And Invalid Password" line="23">
<kw name="Go To Register Page" library="resource" type="SETUP">
<kw name="Go To" library="SeleniumLibrary">
<arg>${REGISTER_URL}</arg>
<doc>Navigates the current browser window to the provided ``url``.</doc>
<msg timestamp="20231117 20:39:47.256" level="INFO">Opening url 'http://localhost:5001/register'</msg>
<status status="PASS" starttime="20231117 20:39:47.256" endtime="20231117 20:39:47.263"/>
</kw>
<status status="PASS" starttime="20231117 20:39:47.256" endtime="20231117 20:39:47.263"/>
</kw>
<kw name="Set Username">
<arg>user</arg>
<kw name="Input Text" library="SeleniumLibrary">
<arg>username</arg>
<arg>${username}</arg>
<doc>Types the given ``text`` into the text field identified by ``locator``.</doc>
<msg timestamp="20231117 20:39:47.263" level="INFO">Typing text 'user' into text field 'username'.</msg>
<status status="PASS" starttime="20231117 20:39:47.263" endtime="20231117 20:39:47.296"/>
</kw>
<status status="PASS" starttime="20231117 20:39:47.263" endtime="20231117 20:39:47.296"/>
</kw>
<kw name="Set Password">
<arg>password</arg>
<kw name="Input Password" library="SeleniumLibrary">
<arg>password</arg>
<arg>${password}</arg>
<doc>Types the given password into the text field identified by ``locator``.</doc>
<msg timestamp="20231117 20:39:47.297" level="INFO">Typing password into text field 'password'.</msg>
<msg timestamp="20231117 20:39:47.311" level="INFO">Temporally setting log level to: NONE</msg>
<msg timestamp="20231117 20:39:47.329" level="INFO">Log level changed from NONE to INFO.</msg>
<status status="PASS" starttime="20231117 20:39:47.296" endtime="20231117 20:39:47.329"/>
</kw>
<status status="PASS" starttime="20231117 20:39:47.296" endtime="20231117 20:39:47.329"/>
</kw>
<kw name="Set Password Confirmation">
<arg>password</arg>
<kw name="Input Password" library="SeleniumLibrary">
<arg>password_confirmation</arg>
<arg>${password_confirmation}</arg>
<doc>Types the given password into the text field identified by ``locator``.</doc>
<msg timestamp="20231117 20:39:47.329" level="INFO">Typing password into text field 'password_confirmation'.</msg>
<msg timestamp="20231117 20:39:47.342" level="INFO">Temporally setting log level to: NONE</msg>
<msg timestamp="20231117 20:39:47.360" level="INFO">Log level changed from NONE to INFO.</msg>
<status status="PASS" starttime="20231117 20:39:47.329" endtime="20231117 20:39:47.361"/>
</kw>
<status status="PASS" starttime="20231117 20:39:47.329" endtime="20231117 20:39:47.361"/>
</kw>
<kw name="Submit Register Credentials">
<kw name="Click Button" library="SeleniumLibrary">
<arg>Register</arg>
<doc>Clicks the button identified by ``locator``.</doc>
<msg timestamp="20231117 20:39:47.361" level="INFO">Clicking button 'Register'.</msg>
<status status="PASS" starttime="20231117 20:39:47.361" endtime="20231117 20:39:47.388"/>
</kw>
<status status="PASS" starttime="20231117 20:39:47.361" endtime="20231117 20:39:47.388"/>
</kw>
<kw name="Register Should Fail With Message">
<arg>Password must be at least 8 characters long and must include a number, upper case or special character</arg>
<kw name="Register Page Should Be Open" library="resource">
<kw name="Title Should Be" library="SeleniumLibrary">
<arg>Register</arg>
<doc>Verifies that the current page title equals ``title``.</doc>
<msg timestamp="20231117 20:39:47.391" level="INFO">Page title is 'Register'.</msg>
<status status="PASS" starttime="20231117 20:39:47.389" endtime="20231117 20:39:47.391"/>
</kw>
<status status="PASS" starttime="20231117 20:39:47.388" endtime="20231117 20:39:47.391"/>
</kw>
<kw name="Page Should Contain" library="SeleniumLibrary">
<arg>${message}</arg>
<doc>Verifies that current page contains ``text``.</doc>
<msg timestamp="20231117 20:39:47.397" level="INFO">Current page contains text 'Password must be at least 8 characters long and must include a number, upper case or special character'.</msg>
<status status="PASS" starttime="20231117 20:39:47.391" endtime="20231117 20:39:47.397"/>
</kw>
<status status="PASS" starttime="20231117 20:39:47.388" endtime="20231117 20:39:47.397"/>
</kw>
<status status="PASS" starttime="20231117 20:39:47.256" endtime="20231117 20:39:47.398"/>
</test>
<test id="s1-s3-t4" name="Register With Nonmatching Password And Password Confirmation" line="30">
<kw name="Go To Register Page" library="resource" type="SETUP">
<kw name="Go To" library="SeleniumLibrary">
<arg>${REGISTER_URL}</arg>
<doc>Navigates the current browser window to the provided ``url``.</doc>
<msg timestamp="20231117 20:39:47.398" level="INFO">Opening url 'http://localhost:5001/register'</msg>
<status status="PASS" starttime="20231117 20:39:47.398" endtime="20231117 20:39:47.405"/>
</kw>
<status status="PASS" starttime="20231117 20:39:47.398" endtime="20231117 20:39:47.405"/>
</kw>
<kw name="Set Username">
<arg>user</arg>
<kw name="Input Text" library="SeleniumLibrary">
<arg>username</arg>
<arg>${username}</arg>
<doc>Types the given ``text`` into the text field identified by ``locator``.</doc>
<msg timestamp="20231117 20:39:47.405" level="INFO">Typing text 'user' into text field 'username'.</msg>
<status status="PASS" starttime="20231117 20:39:47.405" endtime="20231117 20:39:47.438"/>
</kw>
<status status="PASS" starttime="20231117 20:39:47.405" endtime="20231117 20:39:47.438"/>
</kw>
<kw name="Set Password">
<arg>password1</arg>
<kw name="Input Password" library="SeleniumLibrary">
<arg>password</arg>
<arg>${password}</arg>
<doc>Types the given password into the text field identified by ``locator``.</doc>
<msg timestamp="20231117 20:39:47.438" level="INFO">Typing password into text field 'password'.</msg>
<msg timestamp="20231117 20:39:47.452" level="INFO">Temporally setting log level to: NONE</msg>
<msg timestamp="20231117 20:39:47.469" level="INFO">Log level changed from NONE to INFO.</msg>
<status status="PASS" starttime="20231117 20:39:47.438" endtime="20231117 20:39:47.470"/>
</kw>
<status status="PASS" starttime="20231117 20:39:47.438" endtime="20231117 20:39:47.470"/>
</kw>
<kw name="Set Password Confirmation">
<arg>password2</arg>
<kw name="Input Password" library="SeleniumLibrary">
<arg>password_confirmation</arg>
<arg>${password_confirmation}</arg>
<doc>Types the given password into the text field identified by ``locator``.</doc>
<msg timestamp="20231117 20:39:47.470" level="INFO">Typing password into text field 'password_confirmation'.</msg>
<msg timestamp="20231117 20:39:47.483" level="INFO">Temporally setting log level to: NONE</msg>
<msg timestamp="20231117 20:39:47.502" level="INFO">Log level changed from NONE to INFO.</msg>
<status status="PASS" starttime="20231117 20:39:47.470" endtime="20231117 20:39:47.502"/>
</kw>
<status status="PASS" starttime="20231117 20:39:47.470" endtime="20231117 20:39:47.502"/>
</kw>
<kw name="Submit Register Credentials">
<kw name="Click Button" library="SeleniumLibrary">
<arg>Register</arg>
<doc>Clicks the button identified by ``locator``.</doc>
<msg timestamp="20231117 20:39:47.503" level="INFO">Clicking button 'Register'.</msg>
<status status="PASS" starttime="20231117 20:39:47.503" endtime="20231117 20:39:47.530"/>
</kw>
<status status="PASS" starttime="20231117 20:39:47.502" endtime="20231117 20:39:47.530"/>
</kw>
<kw name="Register Should Fail With Message">
<arg>Mismatched passwords</arg>
<kw name="Register Page Should Be Open" library="resource">
<kw name="Title Should Be" library="SeleniumLibrary">
<arg>Register</arg>
<doc>Verifies that the current page title equals ``title``.</doc>
<msg timestamp="20231117 20:39:47.532" level="INFO">Page title is 'Register'.</msg>
<status status="PASS" starttime="20231117 20:39:47.530" endtime="20231117 20:39:47.532"/>
</kw>
<status status="PASS" starttime="20231117 20:39:47.530" endtime="20231117 20:39:47.532"/>
</kw>
<kw name="Page Should Contain" library="SeleniumLibrary">
<arg>${message}</arg>
<doc>Verifies that current page contains ``text``.</doc>
<msg timestamp="20231117 20:39:47.539" level="INFO">Current page contains text 'Mismatched passwords'.</msg>
<status status="PASS" starttime="20231117 20:39:47.532" endtime="20231117 20:39:47.539"/>
</kw>
<status status="PASS" starttime="20231117 20:39:47.530" endtime="20231117 20:39:47.539"/>
</kw>
<status status="PASS" starttime="20231117 20:39:47.398" endtime="20231117 20:39:47.539"/>
</test>
<test id="s1-s3-t5" name="Login After Successful Registration" line="37">
<kw name="Go To Register Page" library="resource" type="SETUP">
<kw name="Go To" library="SeleniumLibrary">
<arg>${REGISTER_URL}</arg>
<doc>Navigates the current browser window to the provided ``url``.</doc>
<msg timestamp="20231117 20:39:47.539" level="INFO">Opening url 'http://localhost:5001/register'</msg>
<status status="PASS" starttime="20231117 20:39:47.539" endtime="20231117 20:39:47.547"/>
</kw>
<status status="PASS" starttime="20231117 20:39:47.539" endtime="20231117 20:39:47.547"/>
</kw>
<kw name="Set Username">
<arg>useri</arg>
<kw name="Input Text" library="SeleniumLibrary">
<arg>username</arg>
<arg>${username}</arg>
<doc>Types the given ``text`` into the text field identified by ``locator``.</doc>
<msg timestamp="20231117 20:39:47.547" level="INFO">Typing text 'useri' into text field 'username'.</msg>
<status status="PASS" starttime="20231117 20:39:47.547" endtime="20231117 20:39:47.578"/>
</kw>
<status status="PASS" starttime="20231117 20:39:47.547" endtime="20231117 20:39:47.578"/>
</kw>
<kw name="Set Password">
<arg>password1</arg>
<kw name="Input Password" library="SeleniumLibrary">
<arg>password</arg>
<arg>${password}</arg>
<doc>Types the given password into the text field identified by ``locator``.</doc>
<msg timestamp="20231117 20:39:47.579" level="INFO">Typing password into text field 'password'.</msg>
<msg timestamp="20231117 20:39:47.592" level="INFO">Temporally setting log level to: NONE</msg>
<msg timestamp="20231117 20:39:47.610" level="INFO">Log level changed from NONE to INFO.</msg>
<status status="PASS" starttime="20231117 20:39:47.579" endtime="20231117 20:39:47.610"/>
</kw>
<status status="PASS" starttime="20231117 20:39:47.578" endtime="20231117 20:39:47.610"/>
</kw>
<kw name="Set Password Confirmation">
<arg>password1</arg>
<kw name="Input Password" library="SeleniumLibrary">
<arg>password_confirmation</arg>
<arg>${password_confirmation}</arg>
<doc>Types the given password into the text field identified by ``locator``.</doc>
<msg timestamp="20231117 20:39:47.611" level="INFO">Typing password into text field 'password_confirmation'.</msg>
<msg timestamp="20231117 20:39:47.625" level="INFO">Temporally setting log level to: NONE</msg>
<msg timestamp="20231117 20:39:47.643" level="INFO">Log level changed from NONE to INFO.</msg>
<status status="PASS" starttime="20231117 20:39:47.611" endtime="20231117 20:39:47.643"/>
</kw>
<status status="PASS" starttime="20231117 20:39:47.610" endtime="20231117 20:39:47.643"/>
</kw>
<kw name="Submit Register Credentials">
<kw name="Click Button" library="SeleniumLibrary">
<arg>Register</arg>
<doc>Clicks the button identified by ``locator``.</doc>
<msg timestamp="20231117 20:39:47.643" level="INFO">Clicking button 'Register'.</msg>
<status status="PASS" starttime="20231117 20:39:47.643" endtime="20231117 20:39:47.669"/>
</kw>
<status status="PASS" starttime="20231117 20:39:47.643" endtime="20231117 20:39:47.669"/>
</kw>
<kw name="Register Should Succeed">
<kw name="Welcome Page Should Be Open" library="resource">
<kw name="Title Should Be" library="SeleniumLibrary">
<arg>Welcome to Ohtu Application!</arg>
<doc>Verifies that the current page title equals ``title``.</doc>
<msg timestamp="20231117 20:39:47.671" level="INFO">Page title is 'Welcome to Ohtu Application!'.</msg>
<status status="PASS" starttime="20231117 20:39:47.669" endtime="20231117 20:39:47.671"/>
</kw>
<status status="PASS" starttime="20231117 20:39:47.669" endtime="20231117 20:39:47.672"/>
</kw>
<status status="PASS" starttime="20231117 20:39:47.669" endtime="20231117 20:39:47.672"/>
</kw>
<kw name="Go To Login Page" library="resource">
<kw name="Go To" library="SeleniumLibrary">
<arg>${LOGIN_URL}</arg>
<doc>Navigates the current browser window to the provided ``url``.</doc>
<msg timestamp="20231117 20:39:47.672" level="INFO">Opening url 'http://localhost:5001/login'</msg>
<status status="PASS" starttime="20231117 20:39:47.672" endtime="20231117 20:39:47.678"/>
</kw>
<status status="PASS" starttime="20231117 20:39:47.672" endtime="20231117 20:39:47.678"/>
</kw>
<kw name="Login Page Should Be Open" library="resource">
<kw name="Title Should Be" library="SeleniumLibrary">
<arg>Login</arg>
<doc>Verifies that the current page title equals ``title``.</doc>
<msg timestamp="20231117 20:39:47.680" level="INFO">Page title is 'Login'.</msg>
<status status="PASS" starttime="20231117 20:39:47.679" endtime="20231117 20:39:47.680"/>
</kw>
<status status="PASS" starttime="20231117 20:39:47.678" endtime="20231117 20:39:47.680"/>
</kw>
<kw name="Set Username">
<arg>useri</arg>
<kw name="Input Text" library="SeleniumLibrary">
<arg>username</arg>
<arg>${username}</arg>
<doc>Types the given ``text`` into the text field identified by ``locator``.</doc>
<msg timestamp="20231117 20:39:47.681" level="INFO">Typing text 'useri' into text field 'username'.</msg>
<status status="PASS" starttime="20231117 20:39:47.681" endtime="20231117 20:39:47.711"/>
</kw>
<status status="PASS" starttime="20231117 20:39:47.681" endtime="20231117 20:39:47.712"/>
</kw>
<kw name="Set Password">
<arg>password1</arg>
<kw name="Input Password" library="SeleniumLibrary">
<arg>password</arg>
<arg>${password}</arg>
<doc>Types the given password into the text field identified by ``locator``.</doc>
<msg timestamp="20231117 20:39:47.712" level="INFO">Typing password into text field 'password'.</msg>
<msg timestamp="20231117 20:39:47.725" level="INFO">Temporally setting log level to: NONE</msg>
<msg timestamp="20231117 20:39:47.743" level="INFO">Log level changed from NONE to INFO.</msg>
<status status="PASS" starttime="20231117 20:39:47.712" endtime="20231117 20:39:47.743"/>
</kw>
<status status="PASS" starttime="20231117 20:39:47.712" endtime="20231117 20:39:47.743"/>
</kw>
<kw name="Submit Login Credentials">
<kw name="Click Button" library="SeleniumLibrary">
<arg>Login</arg>
<doc>Clicks the button identified by ``locator``.</doc>
<msg timestamp="20231117 20:39:47.744" level="INFO">Clicking button 'Login'.</msg>
<status status="PASS" starttime="20231117 20:39:47.744" endtime="20231117 20:39:47.775"/>
</kw>
<status status="PASS" starttime="20231117 20:39:47.743" endtime="20231117 20:39:47.775"/>
</kw>
<kw name="Login Should Succeed">
<kw name="Main Page Should Be Open" library="resource">
<kw name="Title Should Be" library="SeleniumLibrary">
<arg>Ohtu Application main page</arg>
<doc>Verifies that the current page title equals ``title``.</doc>
<msg timestamp="20231117 20:39:47.777" level="INFO">Page title is 'Ohtu Application main page'.</msg>
<status status="PASS" starttime="20231117 20:39:47.775" endtime="20231117 20:39:47.777"/>
</kw>
<status status="PASS" starttime="20231117 20:39:47.775" endtime="20231117 20:39:47.777"/>
</kw>
<status status="PASS" starttime="20231117 20:39:47.775" endtime="20231117 20:39:47.777"/>
</kw>
<status status="PASS" starttime="20231117 20:39:47.539" endtime="20231117 20:39:47.777"/>
</test>
<test id="s1-s3-t6" name="Login After Failed Registration" line="50">
<kw name="Go To Register Page" library="resource" type="SETUP">
<kw name="Go To" library="SeleniumLibrary">
<arg>${REGISTER_URL}</arg>
<doc>Navigates the current browser window to the provided ``url``.</doc>
<msg timestamp="20231117 20:39:47.778" level="INFO">Opening url 'http://localhost:5001/register'</msg>
<status status="PASS" starttime="20231117 20:39:47.778" endtime="20231117 20:39:47.784"/>
</kw>
<status status="PASS" starttime="20231117 20:39:47.778" endtime="20231117 20:39:47.784"/>
</kw>
<kw name="Set Username">
<arg>use1</arg>
<kw name="Input Text" library="SeleniumLibrary">
<arg>username</arg>
<arg>${username}</arg>
<doc>Types the given ``text`` into the text field identified by ``locator``.</doc>
<msg timestamp="20231117 20:39:47.785" level="INFO">Typing text 'use1' into text field 'username'.</msg>
<status status="PASS" starttime="20231117 20:39:47.785" endtime="20231117 20:39:47.816"/>
</kw>
<status status="PASS" starttime="20231117 20:39:47.784" endtime="20231117 20:39:47.816"/>
</kw>
<kw name="Set Password">
<arg>password1</arg>
<kw name="Input Password" library="SeleniumLibrary">
<arg>password</arg>
<arg>${password}</arg>
<doc>Types the given password into the text field identified by ``locator``.</doc>
<msg timestamp="20231117 20:39:47.816" level="INFO">Typing password into text field 'password'.</msg>
<msg timestamp="20231117 20:39:47.829" level="INFO">Temporally setting log level to: NONE</msg>
<msg timestamp="20231117 20:39:47.848" level="INFO">Log level changed from NONE to INFO.</msg>
<status status="PASS" starttime="20231117 20:39:47.816" endtime="20231117 20:39:47.848"/>
</kw>
<status status="PASS" starttime="20231117 20:39:47.816" endtime="20231117 20:39:47.848"/>
</kw>
<kw name="Set Password Confirmation">
<arg>password1</arg>
<kw name="Input Password" library="SeleniumLibrary">
<arg>password_confirmation</arg>
<arg>${password_confirmation}</arg>
<doc>Types the given password into the text field identified by ``locator``.</doc>
<msg timestamp="20231117 20:39:47.849" level="INFO">Typing password into text field 'password_confirmation'.</msg>
<msg timestamp="20231117 20:39:47.862" level="INFO">Temporally setting log level to: NONE</msg>
<msg timestamp="20231117 20:39:47.880" level="INFO">Log level changed from NONE to INFO.</msg>
<status status="PASS" starttime="20231117 20:39:47.849" endtime="20231117 20:39:47.880"/>
</kw>
<status status="PASS" starttime="20231117 20:39:47.848" endtime="20231117 20:39:47.880"/>
</kw>
<kw name="Submit Register Credentials">
<kw name="Click Button" library="SeleniumLibrary">
<arg>Register</arg>
<doc>Clicks the button identified by ``locator``.</doc>
<msg timestamp="20231117 20:39:47.881" level="INFO">Clicking button 'Register'.</msg>
<status status="PASS" starttime="20231117 20:39:47.880" endtime="20231117 20:39:47.908"/>
</kw>
<status status="PASS" starttime="20231117 20:39:47.880" endtime="20231117 20:39:47.908"/>
</kw>
<kw name="Register Should Fail With Message">
<arg>Username must be at least 3 characters long and only contain lower case characters</arg>
<kw name="Register Page Should Be Open" library="resource">
<kw name="Title Should Be" library="SeleniumLibrary">
<arg>Register</arg>
<doc>Verifies that the current page title equals ``title``.</doc>
<msg timestamp="20231117 20:39:47.911" level="INFO">Page title is 'Register'.</msg>
<status status="PASS" starttime="20231117 20:39:47.909" endtime="20231117 20:39:47.911"/>
</kw>
<status status="PASS" starttime="20231117 20:39:47.908" endtime="20231117 20:39:47.911"/>
</kw>
<kw name="Page Should Contain" library="SeleniumLibrary">
<arg>${message}</arg>
<doc>Verifies that current page contains ``text``.</doc>
<msg timestamp="20231117 20:39:47.916" level="INFO">Current page contains text 'Username must be at least 3 characters long and only contain lower case characters'.</msg>
<status status="PASS" starttime="20231117 20:39:47.911" endtime="20231117 20:39:47.916"/>
</kw>
<status status="PASS" starttime="20231117 20:39:47.908" endtime="20231117 20:39:47.916"/>
</kw>
<kw name="Go To Login Page" library="resource">
<kw name="Go To" library="SeleniumLibrary">
<arg>${LOGIN_URL}</arg>
<doc>Navigates the current browser window to the provided ``url``.</doc>
<msg timestamp="20231117 20:39:47.916" level="INFO">Opening url 'http://localhost:5001/login'</msg>
<status status="PASS" starttime="20231117 20:39:47.916" endtime="20231117 20:39:47.923"/>
</kw>
<status status="PASS" starttime="20231117 20:39:47.916" endtime="20231117 20:39:47.923"/>
</kw>
<kw name="Login Page Should Be Open" library="resource">
<kw name="Title Should Be" library="SeleniumLibrary">
<arg>Login</arg>
<doc>Verifies that the current page title equals ``title``.</doc>
<msg timestamp="20231117 20:39:47.925" level="INFO">Page title is 'Login'.</msg>
<status status="PASS" starttime="20231117 20:39:47.924" endtime="20231117 20:39:47.925"/>
</kw>
<status status="PASS" starttime="20231117 20:39:47.923" endtime="20231117 20:39:47.925"/>
</kw>
<kw name="Set Username">
<arg>usei</arg>
<kw name="Input Text" library="SeleniumLibrary">
<arg>username</arg>
<arg>${username}</arg>
<doc>Types the given ``text`` into the text field identified by ``locator``.</doc>
<msg timestamp="20231117 20:39:47.926" level="INFO">Typing text 'usei' into text field 'username'.</msg>
<status status="PASS" starttime="20231117 20:39:47.926" endtime="20231117 20:39:47.957"/>
</kw>
<status status="PASS" starttime="20231117 20:39:47.926" endtime="20231117 20:39:47.957"/>
</kw>
<kw name="Set Password">
<arg>password1</arg>
<kw name="Input Password" library="SeleniumLibrary">
<arg>password</arg>
<arg>${password}</arg>
<doc>Types the given password into the text field identified by ``locator``.</doc>
<msg timestamp="20231117 20:39:47.958" level="INFO">Typing password into text field 'password'.</msg>
<msg timestamp="20231117 20:39:47.971" level="INFO">Temporally setting log level to: NONE</msg>
<msg timestamp="20231117 20:39:47.988" level="INFO">Log level changed from NONE to INFO.</msg>
<status status="PASS" starttime="20231117 20:39:47.957" endtime="20231117 20:39:47.988"/>
</kw>
<status status="PASS" starttime="20231117 20:39:47.957" endtime="20231117 20:39:47.988"/>
</kw>
<kw name="Submit Login Credentials">
<kw name="Click Button" library="SeleniumLibrary">
<arg>Login</arg>
<doc>Clicks the button identified by ``locator``.</doc>
<msg timestamp="20231117 20:39:47.989" level="INFO">Clicking button 'Login'.</msg>
<status status="PASS" starttime="20231117 20:39:47.989" endtime="20231117 20:39:48.016"/>
</kw>
<status status="PASS" starttime="20231117 20:39:47.989" endtime="20231117 20:39:48.016"/>
</kw>
<kw name="Login Should Fail With Message">
<arg>Invalid username or password</arg>
<kw name="Login Page Should Be Open" library="resource">
<kw name="Title Should Be" library="SeleniumLibrary">
<arg>Login</arg>
<doc>Verifies that the current page title equals ``title``.</doc>
<msg timestamp="20231117 20:39:48.018" level="INFO">Page title is 'Login'.</msg>
<status status="PASS" starttime="20231117 20:39:48.016" endtime="20231117 20:39:48.018"/>
</kw>
<status status="PASS" starttime="20231117 20:39:48.016" endtime="20231117 20:39:48.018"/>
</kw>
<kw name="Page Should Contain" library="SeleniumLibrary">
<arg>${message}</arg>
<doc>Verifies that current page contains ``text``.</doc>
<msg timestamp="20231117 20:39:48.025" level="INFO">Current page contains text 'Invalid username or password'.</msg>
<status status="PASS" starttime="20231117 20:39:48.018" endtime="20231117 20:39:48.025"/>
</kw>
<status status="PASS" starttime="20231117 20:39:48.016" endtime="20231117 20:39:48.025"/>
</kw>
<status status="PASS" starttime="20231117 20:39:47.778" endtime="20231117 20:39:48.025"/>
</test>
<kw name="Close Browser" library="SeleniumLibrary" type="TEARDOWN">
<doc>Closes the current browser.</doc>
<status status="PASS" starttime="20231117 20:39:48.025" endtime="20231117 20:39:48.089"/>
</kw>
<status status="PASS" starttime="20231117 20:39:46.072" endtime="20231117 20:39:48.089"/>
</suite>
<status status="PASS" starttime="20231117 20:39:43.701" endtime="20231117 20:39:48.089"/>
</suite>
<statistics>
<total>
<stat pass="11" fail="0" skip="0">All Tests</stat>
</total>
<tag>
</tag>
<suite>
<stat pass="11" fail="0" skip="0" id="s1" name="Tests">Tests</stat>
<stat pass="2" fail="0" skip="0" id="s1-s1" name="Home">Tests.Home</stat>
<stat pass="3" fail="0" skip="0" id="s1-s2" name="Login">Tests.Login</stat>
<stat pass="6" fail="0" skip="0" id="s1-s3" name="Register">Tests.Register</stat>
</suite>
</statistics>
<errors>
</errors>
</robot>
